<?xml version="1.0" encoding="UTF-8"?>
<!-- Generated by org.testng.reporters.JUnitXMLReporter -->
<testsuite ignored="0" hostname="Prasuns-MacBook-Pro.local" failures="0" tests="4" name="Test" time="62.133" errors="0" timestamp="21 Dec 2019 13:14:17 GMT">
  <testcase classname="Academy.ValidateTitle" name="basePageNavigation" time="0.067"/>
  <testcase classname="Academy.HomePage" name="basePageNavigation" time="18.289"/>
  <testcase classname="Academy.HomePage" name="basePageNavigation" time="18.696"/>
  <testcase classname="Academy.ValidateNavBar" name="basePageNavigation" time="0.049"/>
</testsuite> <!-- Test -->
