<?xml version="1.0" encoding="UTF-8"?>
<!-- Generated by org.testng.reporters.JUnitXMLReporter -->
<testsuite ignored="0" hostname="Prasuns-MacBook-Pro.local" failures="1" tests="1" name="Validating Title" time="8.797" errors="0" timestamp="23 Dec 2019 01:34:12 GMT">
  <testcase classname="Academy.ValidateTitle" name="basePageNavigation" time="0.042">
    <failure type="java.lang.AssertionError" message="expected [FEATURED COURSES123] but found [FEATURED COURSES]">
      <![CDATA[java.lang.AssertionError: expected [FEATURED COURSES123] but found [FEATURED COURSES]
at Academy.ValidateTitle.basePageNavigation(ValidateTitle.java:35)
... Removed 31 stack frames]]>
    </failure>
  </testcase> <!-- basePageNavigation -->
</testsuite> <!-- Validating Title -->
