<?xml version="1.0" encoding="UTF-8"?>
<!-- Generated by org.testng.reporters.JUnitXMLReporter -->
<testsuite ignored="0" hostname="Prasuns-MacBook-Pro.local" failures="0" tests="4" name="Test" time="83.731" errors="0" timestamp="22 Dec 2019 00:41:05 GMT">
  <testcase classname="Academy.ValidateTitle" name="basePageNavigation" time="0.033"/>
  <testcase classname="Academy.HomePage" name="basePageNavigation" time="27.65"/>
  <testcase classname="Academy.HomePage" name="basePageNavigation" time="16.209"/>
  <testcase classname="Academy.ValidateNavBar" name="basePageNavigation" time="0.057"/>
</testsuite> <!-- Test -->
