<?xml version="1.0" encoding="UTF-8"?>
<testng-results ignored="0" total="4" passed="4" failed="0" skipped="0">
  <reporter-output>
  </reporter-output>
  <suite started-at="2019-12-22T00:39:42Z" name="Suite" finished-at="2019-12-22T00:41:05Z" duration-ms="83731">
    <groups>
    </groups>
    <test started-at="2019-12-22T00:39:42Z" name="Test" finished-at="2019-12-22T00:41:05Z" duration-ms="83731">
      <class name="Academy.ValidateTitle">
        <test-method signature="basePageNavigation()[pri:0, instance:Academy.ValidateTitle@6475472c]" started-at="2019-12-22T00:40:21Z" name="basePageNavigation" finished-at="2019-12-22T00:40:21Z" duration-ms="33" status="PASS">
          <reporter-output>
          </reporter-output>
        </test-method> <!-- basePageNavigation -->
      </class> <!-- Academy.ValidateTitle -->
      <class name="Academy.HomePage">
        <test-method is-config="true" signature="startUp()[pri:0, instance:Academy.HomePage@3f07b12c]" started-at="2019-12-22T00:39:42Z" name="startUp" finished-at="2019-12-22T00:39:43Z" duration-ms="1631" status="PASS">
          <reporter-output>
          </reporter-output>
        </test-method> <!-- startUp -->
        <test-method is-config="true" signature="startUp()[pri:0, instance:Academy.ValidateNavBar@4bd1f8dd]" started-at="2019-12-22T00:39:43Z" name="startUp" finished-at="2019-12-22T00:40:01Z" duration-ms="17390" status="PASS">
          <reporter-output>
          </reporter-output>
        </test-method> <!-- startUp -->
        <test-method is-config="true" signature="startUp()[pri:0, instance:Academy.ValidateTitle@6475472c]" started-at="2019-12-22T00:40:01Z" name="startUp" finished-at="2019-12-22T00:40:21Z" duration-ms="20254" status="PASS">
          <reporter-output>
          </reporter-output>
        </test-method> <!-- startUp -->
        <test-method signature="basePageNavigation(java.lang.String, java.lang.String, java.lang.String)[pri:0, instance:Academy.HomePage@3f07b12c]" started-at="2019-12-22T00:40:21Z" name="basePageNavigation" data-provider="getData" finished-at="2019-12-22T00:40:48Z" duration-ms="27650" status="PASS">
          <params>
            <param index="0">
              <value>
                <![CDATA[non-restricted@user]]>
              </value>
            </param>
            <param index="1">
              <value>
                <![CDATA[nrpassword]]>
              </value>
            </param>
            <param index="2">
              <value>
                <![CDATA[NR]]>
              </value>
            </param>
          </params>
          <reporter-output>
          </reporter-output>
        </test-method> <!-- basePageNavigation -->
        <test-method signature="basePageNavigation(java.lang.String, java.lang.String, java.lang.String)[pri:0, instance:Academy.HomePage@3f07b12c]" started-at="2019-12-22T00:40:48Z" name="basePageNavigation" data-provider="getData" finished-at="2019-12-22T00:41:05Z" duration-ms="16209" status="PASS">
          <params>
            <param index="0">
              <value>
                <![CDATA[restricted@user]]>
              </value>
            </param>
            <param index="1">
              <value>
                <![CDATA[rpassword]]>
              </value>
            </param>
            <param index="2">
              <value>
                <![CDATA[R]]>
              </value>
            </param>
          </params>
          <reporter-output>
          </reporter-output>
        </test-method> <!-- basePageNavigation -->
        <test-method is-config="true" signature="cleanUp()[pri:0, instance:Academy.HomePage@3f07b12c]" started-at="2019-12-22T00:41:05Z" name="cleanUp" finished-at="2019-12-22T00:41:05Z" duration-ms="139" status="PASS">
          <reporter-output>
          </reporter-output>
        </test-method> <!-- cleanUp -->
        <test-method is-config="true" signature="cleanUp()[pri:0, instance:Academy.ValidateNavBar@4bd1f8dd]" started-at="2019-12-22T00:41:05Z" name="cleanUp" finished-at="2019-12-22T00:41:05Z" duration-ms="184" status="PASS">
          <reporter-output>
          </reporter-output>
        </test-method> <!-- cleanUp -->
        <test-method is-config="true" signature="cleanUp()[pri:0, instance:Academy.ValidateTitle@6475472c]" started-at="2019-12-22T00:41:05Z" name="cleanUp" finished-at="2019-12-22T00:41:05Z" duration-ms="170" status="PASS">
          <reporter-output>
          </reporter-output>
        </test-method> <!-- cleanUp -->
      </class> <!-- Academy.HomePage -->
      <class name="Academy.ValidateNavBar">
        <test-method signature="basePageNavigation()[pri:0, instance:Academy.ValidateNavBar@4bd1f8dd]" started-at="2019-12-22T00:41:05Z" name="basePageNavigation" finished-at="2019-12-22T00:41:05Z" duration-ms="57" status="PASS">
          <reporter-output>
          </reporter-output>
        </test-method> <!-- basePageNavigation -->
      </class> <!-- Academy.ValidateNavBar -->
    </test> <!-- Test -->
  </suite> <!-- Suite -->
</testng-results>
