<?xml version="1.0" encoding="UTF-8"?>
<testsuite xmlns:xsi="http://www.w3.org/2001/XMLSchema-instance" xsi:noNamespaceSchemaLocation="https://maven.apache.org/surefire/maven-surefire-plugin/xsd/surefire-test-report-3.0.xsd" version="3.0" name="TestSuite" time="85.21" tests="4" errors="0" skipped="0" failures="0">
  <properties>
[...]
</properties>
  <testcase name="basePageNavigation" classname="Academy.ValidateTitle" time="0.033"/>
  <testcase name="basePageNavigation" classname="Academy.HomePage" time="27.651"/>
  <testcase name="basePageNavigation" classname="Academy.HomePage" time="16.209"/>
  <testcase name="basePageNavigation" classname="Academy.ValidateNavBar" time="0.057"/>
</testsuite>