<?xml version="1.0" encoding="UTF-8"?>
<testsuite xmlns:xsi="http://www.w3.org/2001/XMLSchema-instance" xsi:noNamespaceSchemaLocation="https://maven.apache.org/surefire/maven-surefire-plugin/xsd/surefire-test-report-3.0.xsd" version="3.0" name="TestSuite" time="39.16" tests="4" errors="0" skipped="0" failures="0">
  <properties>
[...]
</properties>
  <testcase name="basePageValidateTitle" classname="Academy.ValidateTitle" time="0.046"/>
  <testcase name="basePageLogin" classname="Academy.HomePage" time="13.565"/>
  <testcase name="basePageLogin" classname="Academy.HomePage" time="5.587"/>
  <testcase name="PageNavigation" classname="Academy.ValidateNavBar" time="0.059"/>
</testsuite>