<?xml version="1.0" encoding="UTF-8"?>
<testng-results ignored="0" total="1" passed="1" failed="0" skipped="0">
  <reporter-output>
  </reporter-output>
  <suite started-at="2019-12-21T14:46:37Z" name="Default suite" finished-at="2019-12-21T14:46:46Z" duration-ms="9224">
    <groups>
    </groups>
    <test started-at="2019-12-21T14:46:37Z" name="Default test" finished-at="2019-12-21T14:46:46Z" duration-ms="9224">
      <class name="Academy.ValidateTitle">
        <test-method is-config="true" signature="startUp()[pri:0, instance:Academy.ValidateTitle@1ab06251]" started-at="2019-12-21T14:46:37Z" name="startUp" finished-at="2019-12-21T14:46:46Z" duration-ms="8967" status="PASS">
          <reporter-output>
          </reporter-output>
        </test-method> <!-- startUp -->
        <test-method signature="basePageNavigation()[pri:0, instance:Academy.ValidateTitle@1ab06251]" started-at="2019-12-21T14:46:46Z" name="basePageNavigation" finished-at="2019-12-21T14:46:46Z" duration-ms="34" status="PASS">
          <reporter-output>
          </reporter-output>
        </test-method> <!-- basePageNavigation -->
        <test-method is-config="true" signature="cleanUp()[pri:0, instance:Academy.ValidateTitle@1ab06251]" started-at="2019-12-21T14:46:46Z" name="cleanUp" finished-at="2019-12-21T14:46:46Z" duration-ms="200" status="PASS">
          <reporter-output>
          </reporter-output>
        </test-method> <!-- cleanUp -->
      </class> <!-- Academy.ValidateTitle -->
    </test> <!-- Default test -->
  </suite> <!-- Default suite -->
</testng-results>
