<?xml version="1.0" encoding="UTF-8"?>
<testng-results ignored="0" total="4" passed="4" failed="0" skipped="0">
  <reporter-output>
  </reporter-output>
  <suite started-at="2019-12-23T14:31:29 EST" name="Suite" finished-at="2019-12-23T14:32:13 EST" duration-ms="44334">
    <groups>
    </groups>
    <test started-at="2019-12-23T14:31:29 EST" name="Validating Title" finished-at="2019-12-23T14:31:38 EST" duration-ms="9186">
      <class name="Academy.ValidateTitle">
        <test-method is-config="true" signature="startUp()[pri:0, instance:Academy.ValidateTitle@7164ca4c]" started-at="2019-12-23T14:31:29 EST" name="startUp" finished-at="2019-12-23T14:31:38 EST" duration-ms="8938" status="PASS">
          <reporter-output>
          </reporter-output>
        </test-method> <!-- startUp -->
        <test-method signature="basePageValidateTitle()[pri:0, instance:Academy.ValidateTitle@7164ca4c]" started-at="2019-12-23T14:31:38 EST" name="basePageValidateTitle" finished-at="2019-12-23T14:31:38 EST" duration-ms="52" status="PASS">
          <reporter-output>
          </reporter-output>
        </test-method> <!-- basePageValidateTitle -->
        <test-method is-config="true" signature="cleanUp()[pri:0, instance:Academy.ValidateTitle@7164ca4c]" started-at="2019-12-23T14:31:38 EST" name="cleanUp" finished-at="2019-12-23T14:31:38 EST" duration-ms="151" status="PASS">
          <reporter-output>
          </reporter-output>
        </test-method> <!-- cleanUp -->
      </class> <!-- Academy.ValidateTitle -->
    </test> <!-- Validating Title -->
    <test started-at="2019-12-23T14:31:38 EST" name="Validating Login" finished-at="2019-12-23T14:31:57 EST" duration-ms="18750">
      <class name="Academy.HomePage">
        <test-method is-config="true" signature="startUp()[pri:0, instance:Academy.HomePage@2f67b837]" started-at="2019-12-23T14:31:38 EST" name="startUp" finished-at="2019-12-23T14:31:39 EST" duration-ms="1157" status="PASS">
          <reporter-output>
          </reporter-output>
        </test-method> <!-- startUp -->
        <test-method signature="basePageLogin(java.lang.String, java.lang.String, java.lang.String)[pri:0, instance:Academy.HomePage@2f67b837]" started-at="2019-12-23T14:31:39 EST" name="basePageLogin" data-provider="getData" finished-at="2019-12-23T14:31:52 EST" duration-ms="12216" status="PASS">
          <params>
            <param index="0">
              <value>
                <![CDATA[non-restricted@user]]>
              </value>
            </param>
            <param index="1">
              <value>
                <![CDATA[nrpassword]]>
              </value>
            </param>
            <param index="2">
              <value>
                <![CDATA[NR]]>
              </value>
            </param>
          </params>
          <reporter-output>
          </reporter-output>
        </test-method> <!-- basePageLogin -->
        <test-method signature="basePageLogin(java.lang.String, java.lang.String, java.lang.String)[pri:0, instance:Academy.HomePage@2f67b837]" started-at="2019-12-23T14:31:52 EST" name="basePageLogin" data-provider="getData" finished-at="2019-12-23T14:31:57 EST" duration-ms="5220" status="PASS">
          <params>
            <param index="0">
              <value>
                <![CDATA[restricted@user]]>
              </value>
            </param>
            <param index="1">
              <value>
                <![CDATA[rpassword]]>
              </value>
            </param>
            <param index="2">
              <value>
                <![CDATA[R]]>
              </value>
            </param>
          </params>
          <reporter-output>
          </reporter-output>
        </test-method> <!-- basePageLogin -->
        <test-method is-config="true" signature="cleanUp()[pri:0, instance:Academy.HomePage@2f67b837]" started-at="2019-12-23T14:31:57 EST" name="cleanUp" finished-at="2019-12-23T14:31:57 EST" duration-ms="142" status="PASS">
          <reporter-output>
          </reporter-output>
        </test-method> <!-- cleanUp -->
      </class> <!-- Academy.HomePage -->
    </test> <!-- Validating Login -->
    <test started-at="2019-12-23T14:31:57 EST" name="Validating Navigation Bar" finished-at="2019-12-23T14:32:13 EST" duration-ms="16291">
      <class name="Academy.ValidateNavBar">
        <test-method is-config="true" signature="startUp()[pri:0, instance:Academy.ValidateNavBar@416c58f5]" started-at="2019-12-23T14:31:57 EST" name="startUp" finished-at="2019-12-23T14:32:13 EST" duration-ms="16051" status="PASS">
          <reporter-output>
          </reporter-output>
        </test-method> <!-- startUp -->
        <test-method signature="PageNavigation()[pri:0, instance:Academy.ValidateNavBar@416c58f5]" started-at="2019-12-23T14:32:13 EST" name="PageNavigation" finished-at="2019-12-23T14:32:13 EST" duration-ms="97" status="PASS">
          <reporter-output>
          </reporter-output>
        </test-method> <!-- PageNavigation -->
        <test-method is-config="true" signature="cleanUp()[pri:0, instance:Academy.ValidateNavBar@416c58f5]" started-at="2019-12-23T14:32:13 EST" name="cleanUp" finished-at="2019-12-23T14:32:13 EST" duration-ms="140" status="PASS">
          <reporter-output>
          </reporter-output>
        </test-method> <!-- cleanUp -->
      </class> <!-- Academy.ValidateNavBar -->
    </test> <!-- Validating Navigation Bar -->
  </suite> <!-- Suite -->
</testng-results>
